<?xml version="1.0" encoding="UTF-8"?>
<!-- Generated by org.testng.reporters.JUnitReportReporter -->
<testsuite skipped="0" hostname="Hemanth-PC" name="testNG.PriorityAndDepends" tests="3" failures="0" timestamp="21 Mar 2018 03:14:56 GMT" time="0.048" errors="0">
  <testcase name="login" time="0.041" classname="testNG.PriorityAndDepends"/>
  <testcase name="navigate" time="0.002" classname="testNG.PriorityAndDepends"/>
  <testcase name="logout" time="0.005" classname="testNG.PriorityAndDepends"/>
</testsuite> <!-- testNG.PriorityAndDepends -->
