<?xml version="1.0" encoding="UTF-8"?>
<!-- Generated by org.testng.reporters.JUnitReportReporter -->
<testsuite skipped="0" hostname="Hemanth-PC" name="testNG.TestNGAnnotations" tests="2" failures="0" timestamp="20 Mar 2018 04:04:39 GMT" time="0.025" errors="0">
  <testcase name="logout" time="0.006" classname="testNG.TestNGAnnotations"/>
  <testcase name="login" time="0.019" classname="testNG.TestNGAnnotations"/>
</testsuite> <!-- testNG.TestNGAnnotations -->
